 
****************************************
check_design summary:
Version:     R-2020.09
Date:        Thu Jun 23 15:36:25 2022
****************************************

                   Name                                            Total
--------------------------------------------------------------------------------
Inputs/Outputs                                                    135
    Unconnected ports (LINT-28)                                   128
    Shorted outputs (LINT-31)                                       7

Cells                                                              37
    Cells do not drive (LINT-1)                                    37
--------------------------------------------------------------------------------

Warning: In design 'DnCNN', cell 'C65637' does not drive any nets. (LINT-1)
Warning: In design 'DnCNN', cell 'C65641' does not drive any nets. (LINT-1)
Warning: In design 'DnCNN', cell 'C65645' does not drive any nets. (LINT-1)
Warning: In design 'DnCNN', cell 'C65649' does not drive any nets. (LINT-1)
Warning: In design 'DnCNN', cell 'C65657' does not drive any nets. (LINT-1)
Warning: In design 'DnCNN', cell 'C65669' does not drive any nets. (LINT-1)
Warning: In design 'DnCNN', cell 'C65685' does not drive any nets. (LINT-1)
Warning: In design 'DnCNN', cell 'C65697' does not drive any nets. (LINT-1)
Warning: In design 'DnCNN', cell 'C65707' does not drive any nets. (LINT-1)
Warning: In design 'DnCNN', cell 'B_151' does not drive any nets. (LINT-1)
Warning: In design 'DnCNN', cell 'B_152' does not drive any nets. (LINT-1)
Warning: In design 'DnCNN', cell 'B_153' does not drive any nets. (LINT-1)
Warning: In design 'DnCNN', cell 'B_154' does not drive any nets. (LINT-1)
Warning: In design 'DnCNN', cell 'B_155' does not drive any nets. (LINT-1)
Warning: In design 'DnCNN', cell 'B_156' does not drive any nets. (LINT-1)
Warning: In design 'DnCNN', cell 'C66181' does not drive any nets. (LINT-1)
Warning: In design 'DnCNN', cell 'C66208' does not drive any nets. (LINT-1)
Warning: In design 'DnCNN', cell 'C66209' does not drive any nets. (LINT-1)
Warning: In design 'DnCNN', cell 'C66242' does not drive any nets. (LINT-1)
Warning: In design 'DnCNN', cell 'C66275' does not drive any nets. (LINT-1)
Warning: In design 'DnCNN', cell 'C66372' does not drive any nets. (LINT-1)
Warning: In design 'PEA', cell 'C4578' does not drive any nets. (LINT-1)
Warning: In design 'PEA', cell 'C4579' does not drive any nets. (LINT-1)
Warning: In design 'PEA', cell 'C4580' does not drive any nets. (LINT-1)
Warning: In design 'PEA', cell 'C4581' does not drive any nets. (LINT-1)
Warning: In design 'PE_11', cell 'B_0' does not drive any nets. (LINT-1)
Warning: In design 'PE_0', cell 'B_0' does not drive any nets. (LINT-1)
Warning: In design 'PE_1', cell 'B_0' does not drive any nets. (LINT-1)
Warning: In design 'PE_2', cell 'B_0' does not drive any nets. (LINT-1)
Warning: In design 'PE_3', cell 'B_0' does not drive any nets. (LINT-1)
Warning: In design 'PE_4', cell 'B_0' does not drive any nets. (LINT-1)
Warning: In design 'PE_5', cell 'B_0' does not drive any nets. (LINT-1)
Warning: In design 'PE_6', cell 'B_0' does not drive any nets. (LINT-1)
Warning: In design 'PE_7', cell 'B_0' does not drive any nets. (LINT-1)
Warning: In design 'PE_8', cell 'B_0' does not drive any nets. (LINT-1)
Warning: In design 'PE_9', cell 'B_0' does not drive any nets. (LINT-1)
Warning: In design 'PE_10', cell 'B_0' does not drive any nets. (LINT-1)
Warning: In design 'DnCNN', port 'sram_weight_wdata0[31]' is not connected to any nets. (LINT-28)
Warning: In design 'DnCNN', port 'sram_weight_wdata0[30]' is not connected to any nets. (LINT-28)
Warning: In design 'DnCNN', port 'sram_weight_wdata0[29]' is not connected to any nets. (LINT-28)
Warning: In design 'DnCNN', port 'sram_weight_wdata0[28]' is not connected to any nets. (LINT-28)
Warning: In design 'DnCNN', port 'sram_weight_wdata0[27]' is not connected to any nets. (LINT-28)
Warning: In design 'DnCNN', port 'sram_weight_wdata0[26]' is not connected to any nets. (LINT-28)
Warning: In design 'DnCNN', port 'sram_weight_wdata0[25]' is not connected to any nets. (LINT-28)
Warning: In design 'DnCNN', port 'sram_weight_wdata0[24]' is not connected to any nets. (LINT-28)
Warning: In design 'DnCNN', port 'sram_weight_wdata0[23]' is not connected to any nets. (LINT-28)
Warning: In design 'DnCNN', port 'sram_weight_wdata0[22]' is not connected to any nets. (LINT-28)
Warning: In design 'DnCNN', port 'sram_weight_wdata0[21]' is not connected to any nets. (LINT-28)
Warning: In design 'DnCNN', port 'sram_weight_wdata0[20]' is not connected to any nets. (LINT-28)
Warning: In design 'DnCNN', port 'sram_weight_wdata0[19]' is not connected to any nets. (LINT-28)
Warning: In design 'DnCNN', port 'sram_weight_wdata0[18]' is not connected to any nets. (LINT-28)
Warning: In design 'DnCNN', port 'sram_weight_wdata0[17]' is not connected to any nets. (LINT-28)
Warning: In design 'DnCNN', port 'sram_weight_wdata0[16]' is not connected to any nets. (LINT-28)
Warning: In design 'DnCNN', port 'sram_weight_wdata0[15]' is not connected to any nets. (LINT-28)
Warning: In design 'DnCNN', port 'sram_weight_wdata0[14]' is not connected to any nets. (LINT-28)
Warning: In design 'DnCNN', port 'sram_weight_wdata0[13]' is not connected to any nets. (LINT-28)
Warning: In design 'DnCNN', port 'sram_weight_wdata0[12]' is not connected to any nets. (LINT-28)
Warning: In design 'DnCNN', port 'sram_weight_wdata0[11]' is not connected to any nets. (LINT-28)
Warning: In design 'DnCNN', port 'sram_weight_wdata0[10]' is not connected to any nets. (LINT-28)
Warning: In design 'DnCNN', port 'sram_weight_wdata0[9]' is not connected to any nets. (LINT-28)
Warning: In design 'DnCNN', port 'sram_weight_wdata0[8]' is not connected to any nets. (LINT-28)
Warning: In design 'DnCNN', port 'sram_weight_wdata0[7]' is not connected to any nets. (LINT-28)
Warning: In design 'DnCNN', port 'sram_weight_wdata0[6]' is not connected to any nets. (LINT-28)
Warning: In design 'DnCNN', port 'sram_weight_wdata0[5]' is not connected to any nets. (LINT-28)
Warning: In design 'DnCNN', port 'sram_weight_wdata0[4]' is not connected to any nets. (LINT-28)
Warning: In design 'DnCNN', port 'sram_weight_wdata0[3]' is not connected to any nets. (LINT-28)
Warning: In design 'DnCNN', port 'sram_weight_wdata0[2]' is not connected to any nets. (LINT-28)
Warning: In design 'DnCNN', port 'sram_weight_wdata0[1]' is not connected to any nets. (LINT-28)
Warning: In design 'DnCNN', port 'sram_weight_wdata0[0]' is not connected to any nets. (LINT-28)
Warning: In design 'DnCNN', port 'sram_weight_rdata0[31]' is not connected to any nets. (LINT-28)
Warning: In design 'DnCNN', port 'sram_weight_rdata0[30]' is not connected to any nets. (LINT-28)
Warning: In design 'DnCNN', port 'sram_weight_rdata0[29]' is not connected to any nets. (LINT-28)
Warning: In design 'DnCNN', port 'sram_weight_rdata0[28]' is not connected to any nets. (LINT-28)
Warning: In design 'DnCNN', port 'sram_weight_rdata0[27]' is not connected to any nets. (LINT-28)
Warning: In design 'DnCNN', port 'sram_weight_rdata0[26]' is not connected to any nets. (LINT-28)
Warning: In design 'DnCNN', port 'sram_weight_rdata0[25]' is not connected to any nets. (LINT-28)
Warning: In design 'DnCNN', port 'sram_weight_rdata0[24]' is not connected to any nets. (LINT-28)
Warning: In design 'DnCNN', port 'sram_weight_wdata1[31]' is not connected to any nets. (LINT-28)
Warning: In design 'DnCNN', port 'sram_weight_wdata1[30]' is not connected to any nets. (LINT-28)
Warning: In design 'DnCNN', port 'sram_weight_wdata1[29]' is not connected to any nets. (LINT-28)
Warning: In design 'DnCNN', port 'sram_weight_wdata1[28]' is not connected to any nets. (LINT-28)
Warning: In design 'DnCNN', port 'sram_weight_wdata1[27]' is not connected to any nets. (LINT-28)
Warning: In design 'DnCNN', port 'sram_weight_wdata1[26]' is not connected to any nets. (LINT-28)
Warning: In design 'DnCNN', port 'sram_weight_wdata1[25]' is not connected to any nets. (LINT-28)
Warning: In design 'DnCNN', port 'sram_weight_wdata1[24]' is not connected to any nets. (LINT-28)
Warning: In design 'DnCNN', port 'sram_weight_wdata1[23]' is not connected to any nets. (LINT-28)
Warning: In design 'DnCNN', port 'sram_weight_wdata1[22]' is not connected to any nets. (LINT-28)
Warning: In design 'DnCNN', port 'sram_weight_wdata1[21]' is not connected to any nets. (LINT-28)
Warning: In design 'DnCNN', port 'sram_weight_wdata1[20]' is not connected to any nets. (LINT-28)
Warning: In design 'DnCNN', port 'sram_weight_wdata1[19]' is not connected to any nets. (LINT-28)
Warning: In design 'DnCNN', port 'sram_weight_wdata1[18]' is not connected to any nets. (LINT-28)
Warning: In design 'DnCNN', port 'sram_weight_wdata1[17]' is not connected to any nets. (LINT-28)
Warning: In design 'DnCNN', port 'sram_weight_wdata1[16]' is not connected to any nets. (LINT-28)
Warning: In design 'DnCNN', port 'sram_weight_wdata1[15]' is not connected to any nets. (LINT-28)
Warning: In design 'DnCNN', port 'sram_weight_wdata1[14]' is not connected to any nets. (LINT-28)
Warning: In design 'DnCNN', port 'sram_weight_wdata1[13]' is not connected to any nets. (LINT-28)
Warning: In design 'DnCNN', port 'sram_weight_wdata1[12]' is not connected to any nets. (LINT-28)
Warning: In design 'DnCNN', port 'sram_weight_wdata1[11]' is not connected to any nets. (LINT-28)
Warning: In design 'DnCNN', port 'sram_weight_wdata1[10]' is not connected to any nets. (LINT-28)
Warning: In design 'DnCNN', port 'sram_weight_wdata1[9]' is not connected to any nets. (LINT-28)
Warning: In design 'DnCNN', port 'sram_weight_wdata1[8]' is not connected to any nets. (LINT-28)
Warning: In design 'DnCNN', port 'sram_weight_wdata1[7]' is not connected to any nets. (LINT-28)
Warning: In design 'DnCNN', port 'sram_weight_wdata1[6]' is not connected to any nets. (LINT-28)
Warning: In design 'DnCNN', port 'sram_weight_wdata1[5]' is not connected to any nets. (LINT-28)
Warning: In design 'DnCNN', port 'sram_weight_wdata1[4]' is not connected to any nets. (LINT-28)
Warning: In design 'DnCNN', port 'sram_weight_wdata1[3]' is not connected to any nets. (LINT-28)
Warning: In design 'DnCNN', port 'sram_weight_wdata1[2]' is not connected to any nets. (LINT-28)
Warning: In design 'DnCNN', port 'sram_weight_wdata1[1]' is not connected to any nets. (LINT-28)
Warning: In design 'DnCNN', port 'sram_weight_wdata1[0]' is not connected to any nets. (LINT-28)
Warning: In design 'DnCNN', port 'sram_weight_rdata1[31]' is not connected to any nets. (LINT-28)
Warning: In design 'DnCNN', port 'sram_weight_rdata1[30]' is not connected to any nets. (LINT-28)
Warning: In design 'DnCNN', port 'sram_weight_rdata1[29]' is not connected to any nets. (LINT-28)
Warning: In design 'DnCNN', port 'sram_weight_rdata1[28]' is not connected to any nets. (LINT-28)
Warning: In design 'DnCNN', port 'sram_weight_rdata1[27]' is not connected to any nets. (LINT-28)
Warning: In design 'DnCNN', port 'sram_weight_rdata1[26]' is not connected to any nets. (LINT-28)
Warning: In design 'DnCNN', port 'sram_weight_rdata1[25]' is not connected to any nets. (LINT-28)
Warning: In design 'DnCNN', port 'sram_weight_rdata1[24]' is not connected to any nets. (LINT-28)
Warning: In design 'DnCNN', port 'sram_weight_rdata1[23]' is not connected to any nets. (LINT-28)
Warning: In design 'DnCNN', port 'sram_weight_rdata1[22]' is not connected to any nets. (LINT-28)
Warning: In design 'DnCNN', port 'sram_weight_rdata1[21]' is not connected to any nets. (LINT-28)
Warning: In design 'DnCNN', port 'sram_weight_rdata1[20]' is not connected to any nets. (LINT-28)
Warning: In design 'DnCNN', port 'sram_weight_rdata1[19]' is not connected to any nets. (LINT-28)
Warning: In design 'DnCNN', port 'sram_weight_rdata1[18]' is not connected to any nets. (LINT-28)
Warning: In design 'DnCNN', port 'sram_weight_rdata1[17]' is not connected to any nets. (LINT-28)
Warning: In design 'DnCNN', port 'sram_weight_rdata1[16]' is not connected to any nets. (LINT-28)
Warning: In design 'DnCNN', port 'sram_weight_rdata1[15]' is not connected to any nets. (LINT-28)
Warning: In design 'DnCNN', port 'sram_weight_rdata1[14]' is not connected to any nets. (LINT-28)
Warning: In design 'DnCNN', port 'sram_weight_rdata1[13]' is not connected to any nets. (LINT-28)
Warning: In design 'DnCNN', port 'sram_weight_rdata1[12]' is not connected to any nets. (LINT-28)
Warning: In design 'DnCNN', port 'sram_weight_rdata1[11]' is not connected to any nets. (LINT-28)
Warning: In design 'DnCNN', port 'sram_weight_rdata1[10]' is not connected to any nets. (LINT-28)
Warning: In design 'DnCNN', port 'sram_weight_rdata1[9]' is not connected to any nets. (LINT-28)
Warning: In design 'DnCNN', port 'sram_weight_rdata1[8]' is not connected to any nets. (LINT-28)
Warning: In design 'DnCNN', port 'sram_weight_rdata1[7]' is not connected to any nets. (LINT-28)
Warning: In design 'DnCNN', port 'sram_weight_rdata1[6]' is not connected to any nets. (LINT-28)
Warning: In design 'DnCNN', port 'sram_weight_rdata1[5]' is not connected to any nets. (LINT-28)
Warning: In design 'DnCNN', port 'sram_weight_rdata1[4]' is not connected to any nets. (LINT-28)
Warning: In design 'DnCNN', port 'sram_weight_rdata1[3]' is not connected to any nets. (LINT-28)
Warning: In design 'DnCNN', port 'sram_weight_rdata1[2]' is not connected to any nets. (LINT-28)
Warning: In design 'DnCNN', port 'sram_weight_rdata1[1]' is not connected to any nets. (LINT-28)
Warning: In design 'DnCNN', port 'sram_weight_rdata1[0]' is not connected to any nets. (LINT-28)
Warning: In design 'DnCNN', port 'sram_act_rdata1[31]' is not connected to any nets. (LINT-28)
Warning: In design 'DnCNN', port 'sram_act_rdata1[30]' is not connected to any nets. (LINT-28)
Warning: In design 'DnCNN', port 'sram_act_rdata1[29]' is not connected to any nets. (LINT-28)
Warning: In design 'DnCNN', port 'sram_act_rdata1[28]' is not connected to any nets. (LINT-28)
Warning: In design 'DnCNN', port 'sram_act_rdata1[27]' is not connected to any nets. (LINT-28)
Warning: In design 'DnCNN', port 'sram_act_rdata1[26]' is not connected to any nets. (LINT-28)
Warning: In design 'DnCNN', port 'sram_act_rdata1[25]' is not connected to any nets. (LINT-28)
Warning: In design 'DnCNN', port 'sram_act_rdata1[24]' is not connected to any nets. (LINT-28)
Warning: In design 'DnCNN', port 'sram_act_rdata1[23]' is not connected to any nets. (LINT-28)
Warning: In design 'DnCNN', port 'sram_act_rdata1[22]' is not connected to any nets. (LINT-28)
Warning: In design 'DnCNN', port 'sram_act_rdata1[21]' is not connected to any nets. (LINT-28)
Warning: In design 'DnCNN', port 'sram_act_rdata1[20]' is not connected to any nets. (LINT-28)
Warning: In design 'DnCNN', port 'sram_act_rdata1[19]' is not connected to any nets. (LINT-28)
Warning: In design 'DnCNN', port 'sram_act_rdata1[18]' is not connected to any nets. (LINT-28)
Warning: In design 'DnCNN', port 'sram_act_rdata1[17]' is not connected to any nets. (LINT-28)
Warning: In design 'DnCNN', port 'sram_act_rdata1[16]' is not connected to any nets. (LINT-28)
Warning: In design 'DnCNN', port 'sram_act_rdata1[15]' is not connected to any nets. (LINT-28)
Warning: In design 'DnCNN', port 'sram_act_rdata1[14]' is not connected to any nets. (LINT-28)
Warning: In design 'DnCNN', port 'sram_act_rdata1[13]' is not connected to any nets. (LINT-28)
Warning: In design 'DnCNN', port 'sram_act_rdata1[12]' is not connected to any nets. (LINT-28)
Warning: In design 'DnCNN', port 'sram_act_rdata1[11]' is not connected to any nets. (LINT-28)
Warning: In design 'DnCNN', port 'sram_act_rdata1[10]' is not connected to any nets. (LINT-28)
Warning: In design 'DnCNN', port 'sram_act_rdata1[9]' is not connected to any nets. (LINT-28)
Warning: In design 'DnCNN', port 'sram_act_rdata1[8]' is not connected to any nets. (LINT-28)
Warning: In design 'DnCNN', output port 'sram_act_wea0[3]' is connected directly to output port 'sram_act_wea1[0]'. (LINT-31)
Warning: In design 'DnCNN', output port 'sram_act_wea0[3]' is connected directly to output port 'sram_act_wea1[1]'. (LINT-31)
Warning: In design 'DnCNN', output port 'sram_act_wea0[3]' is connected directly to output port 'sram_act_wea1[2]'. (LINT-31)
Warning: In design 'DnCNN', output port 'sram_act_wea0[3]' is connected directly to output port 'sram_act_wea1[3]'. (LINT-31)
Warning: In design 'DnCNN', output port 'sram_act_wea0[3]' is connected directly to output port 'sram_act_wea0[0]'. (LINT-31)
Warning: In design 'DnCNN', output port 'sram_act_wea0[3]' is connected directly to output port 'sram_act_wea0[1]'. (LINT-31)
Warning: In design 'DnCNN', output port 'sram_act_wea0[3]' is connected directly to output port 'sram_act_wea0[2]'. (LINT-31)
1
