Information: Checking out the license 'DesignWare'. (SEC-104)
Information: Updating design information... (UID-85)
Warning: Design 'DnCNN' contains 4 high-fanout nets. A fanout number of 1000 will be used for delay calculations involving these nets. (TIM-134)

Information: Checking generated_clocks...

Information: Checking loops...

Information: Checking no_input_delay...

Information: Checking unconstrained_endpoints...

Warning: The following end-points are not constrained for maximum delay.

End point
---------------
pea/out_row0_0_reg[0]/data_in
pea/out_row0_0_reg[1]/data_in
pea/out_row0_0_reg[2]/data_in
pea/out_row0_0_reg[3]/data_in
pea/out_row0_0_reg[4]/data_in
pea/out_row0_0_reg[5]/data_in
pea/out_row0_0_reg[6]/data_in
pea/out_row0_0_reg[7]/data_in
pea/out_row0_0_reg[8]/data_in
pea/out_row0_0_reg[9]/data_in
pea/out_row0_0_reg[10]/data_in
pea/out_row0_0_reg[11]/data_in
pea/out_row0_0_reg[12]/data_in
pea/out_row0_0_reg[13]/data_in
pea/out_row0_0_reg[14]/data_in
pea/out_row0_0_reg[15]/data_in
pea/out_row0_0_reg[16]/data_in
pea/out_row0_0_reg[17]/data_in
pea/out_row0_0_reg[18]/data_in
pea/out_row0_0_reg[19]/data_in
pea/out_row0_0_reg[20]/data_in
pea/out_row0_0_reg[21]/data_in
pea/out_row0_0_reg[22]/data_in
pea/out_row0_0_reg[23]/data_in
pea/out_row0_0_reg[24]/data_in
pea/out_row0_0_reg[25]/data_in
pea/out_row0_0_reg[26]/data_in
pea/out_row0_0_reg[27]/data_in
pea/out_row0_0_reg[28]/data_in
pea/out_row0_0_reg[29]/data_in
pea/out_row0_0_reg[30]/data_in
pea/out_row0_0_reg[31]/data_in
pea/out_row0_1_reg[0]/data_in
pea/out_row0_1_reg[1]/data_in
pea/out_row0_1_reg[2]/data_in
pea/out_row0_1_reg[3]/data_in
pea/out_row0_1_reg[4]/data_in
pea/out_row0_1_reg[5]/data_in
pea/out_row0_1_reg[6]/data_in
pea/out_row0_1_reg[7]/data_in
pea/out_row0_1_reg[8]/data_in
pea/out_row0_1_reg[9]/data_in
pea/out_row0_1_reg[10]/data_in
pea/out_row0_1_reg[11]/data_in
pea/out_row0_1_reg[12]/data_in
pea/out_row0_1_reg[13]/data_in
pea/out_row0_1_reg[14]/data_in
pea/out_row0_1_reg[15]/data_in
pea/out_row0_1_reg[16]/data_in
pea/out_row0_1_reg[17]/data_in
pea/out_row0_1_reg[18]/data_in
pea/out_row0_1_reg[19]/data_in
pea/out_row0_1_reg[20]/data_in
pea/out_row0_1_reg[21]/data_in
pea/out_row0_1_reg[22]/data_in
pea/out_row0_1_reg[23]/data_in
pea/out_row0_1_reg[24]/data_in
pea/out_row0_1_reg[25]/data_in
pea/out_row0_1_reg[26]/data_in
pea/out_row0_1_reg[27]/data_in
pea/out_row0_1_reg[28]/data_in
pea/out_row0_1_reg[29]/data_in
pea/out_row0_1_reg[30]/data_in
pea/out_row0_1_reg[31]/data_in
pea/out_row0_2_reg[0]/data_in
pea/out_row0_2_reg[1]/data_in
pea/out_row0_2_reg[2]/data_in
pea/out_row0_2_reg[3]/data_in
pea/out_row0_2_reg[4]/data_in
pea/out_row0_2_reg[5]/data_in
pea/out_row0_2_reg[6]/data_in
pea/out_row0_2_reg[7]/data_in
pea/out_row0_2_reg[8]/data_in
pea/out_row0_2_reg[9]/data_in
pea/out_row0_2_reg[10]/data_in
pea/out_row0_2_reg[11]/data_in
pea/out_row0_2_reg[12]/data_in
pea/out_row0_2_reg[13]/data_in
pea/out_row0_2_reg[14]/data_in
pea/out_row0_2_reg[15]/data_in
pea/out_row0_2_reg[16]/data_in
pea/out_row0_2_reg[17]/data_in
pea/out_row0_2_reg[18]/data_in
pea/out_row0_2_reg[19]/data_in
pea/out_row0_2_reg[20]/data_in
pea/out_row0_2_reg[21]/data_in
pea/out_row0_2_reg[22]/data_in
pea/out_row0_2_reg[23]/data_in
pea/out_row0_2_reg[24]/data_in
pea/out_row0_2_reg[25]/data_in
pea/out_row0_2_reg[26]/data_in
pea/out_row0_2_reg[27]/data_in
pea/out_row0_2_reg[28]/data_in
pea/out_row0_2_reg[29]/data_in
pea/out_row0_2_reg[30]/data_in
pea/out_row0_2_reg[31]/data_in
pea/out_row0_3_reg[0]/data_in
pea/out_row0_3_reg[1]/data_in
pea/out_row0_3_reg[2]/data_in
pea/out_row0_3_reg[3]/data_in
pea/out_row0_3_reg[4]/data_in
pea/out_row0_3_reg[5]/data_in
pea/out_row0_3_reg[6]/data_in
pea/out_row0_3_reg[7]/data_in
pea/out_row0_3_reg[8]/data_in
pea/out_row0_3_reg[9]/data_in
pea/out_row0_3_reg[10]/data_in
pea/out_row0_3_reg[11]/data_in
pea/out_row0_3_reg[12]/data_in
pea/out_row0_3_reg[13]/data_in
pea/out_row0_3_reg[14]/data_in
pea/out_row0_3_reg[15]/data_in
pea/out_row0_3_reg[16]/data_in
pea/out_row0_3_reg[17]/data_in
pea/out_row0_3_reg[18]/data_in
pea/out_row0_3_reg[19]/data_in
pea/out_row0_3_reg[20]/data_in
pea/out_row0_3_reg[21]/data_in
pea/out_row0_3_reg[22]/data_in
pea/out_row0_3_reg[23]/data_in
pea/out_row0_3_reg[24]/data_in
pea/out_row0_3_reg[25]/data_in
pea/out_row0_3_reg[26]/data_in
pea/out_row0_3_reg[27]/data_in
pea/out_row0_3_reg[28]/data_in
pea/out_row0_3_reg[29]/data_in
pea/out_row0_3_reg[30]/data_in
pea/out_row0_3_reg[31]/data_in
pea/out_row1_0_reg[0]/data_in
pea/out_row1_0_reg[1]/data_in
pea/out_row1_0_reg[2]/data_in
pea/out_row1_0_reg[3]/data_in
pea/out_row1_0_reg[4]/data_in
pea/out_row1_0_reg[5]/data_in
pea/out_row1_0_reg[6]/data_in
pea/out_row1_0_reg[7]/data_in
pea/out_row1_0_reg[8]/data_in
pea/out_row1_0_reg[9]/data_in
pea/out_row1_0_reg[10]/data_in
pea/out_row1_0_reg[11]/data_in
pea/out_row1_0_reg[12]/data_in
pea/out_row1_0_reg[13]/data_in
pea/out_row1_0_reg[14]/data_in
pea/out_row1_0_reg[15]/data_in
pea/out_row1_0_reg[16]/data_in
pea/out_row1_0_reg[17]/data_in
pea/out_row1_0_reg[18]/data_in
pea/out_row1_0_reg[19]/data_in
pea/out_row1_0_reg[20]/data_in
pea/out_row1_0_reg[21]/data_in
pea/out_row1_0_reg[22]/data_in
pea/out_row1_0_reg[23]/data_in
pea/out_row1_0_reg[24]/data_in
pea/out_row1_0_reg[25]/data_in
pea/out_row1_0_reg[26]/data_in
pea/out_row1_0_reg[27]/data_in
pea/out_row1_0_reg[28]/data_in
pea/out_row1_0_reg[29]/data_in
pea/out_row1_0_reg[30]/data_in
pea/out_row1_0_reg[31]/data_in
pea/out_row1_1_reg[0]/data_in
pea/out_row1_1_reg[1]/data_in
pea/out_row1_1_reg[2]/data_in
pea/out_row1_1_reg[3]/data_in
pea/out_row1_1_reg[4]/data_in
pea/out_row1_1_reg[5]/data_in
pea/out_row1_1_reg[6]/data_in
pea/out_row1_1_reg[7]/data_in
pea/out_row1_1_reg[8]/data_in
pea/out_row1_1_reg[9]/data_in
pea/out_row1_1_reg[10]/data_in
pea/out_row1_1_reg[11]/data_in
pea/out_row1_1_reg[12]/data_in
pea/out_row1_1_reg[13]/data_in
pea/out_row1_1_reg[14]/data_in
pea/out_row1_1_reg[15]/data_in
pea/out_row1_1_reg[16]/data_in
pea/out_row1_1_reg[17]/data_in
pea/out_row1_1_reg[18]/data_in
pea/out_row1_1_reg[19]/data_in
pea/out_row1_1_reg[20]/data_in
pea/out_row1_1_reg[21]/data_in
pea/out_row1_1_reg[22]/data_in
pea/out_row1_1_reg[23]/data_in
pea/out_row1_1_reg[24]/data_in
pea/out_row1_1_reg[25]/data_in
pea/out_row1_1_reg[26]/data_in
pea/out_row1_1_reg[27]/data_in
pea/out_row1_1_reg[28]/data_in
pea/out_row1_1_reg[29]/data_in
pea/out_row1_1_reg[30]/data_in
pea/out_row1_1_reg[31]/data_in
pea/out_row1_2_reg[0]/data_in
pea/out_row1_2_reg[1]/data_in
pea/out_row1_2_reg[2]/data_in
pea/out_row1_2_reg[3]/data_in
pea/out_row1_2_reg[4]/data_in
pea/out_row1_2_reg[5]/data_in
pea/out_row1_2_reg[6]/data_in
pea/out_row1_2_reg[7]/data_in
pea/out_row1_2_reg[8]/data_in
pea/out_row1_2_reg[9]/data_in
pea/out_row1_2_reg[10]/data_in
pea/out_row1_2_reg[11]/data_in
pea/out_row1_2_reg[12]/data_in
pea/out_row1_2_reg[13]/data_in
pea/out_row1_2_reg[14]/data_in
pea/out_row1_2_reg[15]/data_in
pea/out_row1_2_reg[16]/data_in
pea/out_row1_2_reg[17]/data_in
pea/out_row1_2_reg[18]/data_in
pea/out_row1_2_reg[19]/data_in
pea/out_row1_2_reg[20]/data_in
pea/out_row1_2_reg[21]/data_in
pea/out_row1_2_reg[22]/data_in
pea/out_row1_2_reg[23]/data_in
pea/out_row1_2_reg[24]/data_in
pea/out_row1_2_reg[25]/data_in
pea/out_row1_2_reg[26]/data_in
pea/out_row1_2_reg[27]/data_in
pea/out_row1_2_reg[28]/data_in
pea/out_row1_2_reg[29]/data_in
pea/out_row1_2_reg[30]/data_in
pea/out_row1_2_reg[31]/data_in
pea/out_row1_3_reg[0]/data_in
pea/out_row1_3_reg[1]/data_in
pea/out_row1_3_reg[2]/data_in
pea/out_row1_3_reg[3]/data_in
pea/out_row1_3_reg[4]/data_in
pea/out_row1_3_reg[5]/data_in
pea/out_row1_3_reg[6]/data_in
pea/out_row1_3_reg[7]/data_in
pea/out_row1_3_reg[8]/data_in
pea/out_row1_3_reg[9]/data_in
pea/out_row1_3_reg[10]/data_in
pea/out_row1_3_reg[11]/data_in
pea/out_row1_3_reg[12]/data_in
pea/out_row1_3_reg[13]/data_in
pea/out_row1_3_reg[14]/data_in
pea/out_row1_3_reg[15]/data_in
pea/out_row1_3_reg[16]/data_in
pea/out_row1_3_reg[17]/data_in
pea/out_row1_3_reg[18]/data_in
pea/out_row1_3_reg[19]/data_in
pea/out_row1_3_reg[20]/data_in
pea/out_row1_3_reg[21]/data_in
pea/out_row1_3_reg[22]/data_in
pea/out_row1_3_reg[23]/data_in
pea/out_row1_3_reg[24]/data_in
pea/out_row1_3_reg[25]/data_in
pea/out_row1_3_reg[26]/data_in
pea/out_row1_3_reg[27]/data_in
pea/out_row1_3_reg[28]/data_in
pea/out_row1_3_reg[29]/data_in
pea/out_row1_3_reg[30]/data_in
pea/out_row1_3_reg[31]/data_in
pea/out_row2_0_reg[0]/data_in
pea/out_row2_0_reg[1]/data_in
pea/out_row2_0_reg[2]/data_in
pea/out_row2_0_reg[3]/data_in
pea/out_row2_0_reg[4]/data_in
pea/out_row2_0_reg[5]/data_in
pea/out_row2_0_reg[6]/data_in
pea/out_row2_0_reg[7]/data_in
pea/out_row2_0_reg[8]/data_in
pea/out_row2_0_reg[9]/data_in
pea/out_row2_0_reg[10]/data_in
pea/out_row2_0_reg[11]/data_in
pea/out_row2_0_reg[12]/data_in
pea/out_row2_0_reg[13]/data_in
pea/out_row2_0_reg[14]/data_in
pea/out_row2_0_reg[15]/data_in
pea/out_row2_0_reg[16]/data_in
pea/out_row2_0_reg[17]/data_in
pea/out_row2_0_reg[18]/data_in
pea/out_row2_0_reg[19]/data_in
pea/out_row2_0_reg[20]/data_in
pea/out_row2_0_reg[21]/data_in
pea/out_row2_0_reg[22]/data_in
pea/out_row2_0_reg[23]/data_in
pea/out_row2_0_reg[24]/data_in
pea/out_row2_0_reg[25]/data_in
pea/out_row2_0_reg[26]/data_in
pea/out_row2_0_reg[27]/data_in
pea/out_row2_0_reg[28]/data_in
pea/out_row2_0_reg[29]/data_in
pea/out_row2_0_reg[30]/data_in
pea/out_row2_0_reg[31]/data_in
pea/out_row2_1_reg[0]/data_in
pea/out_row2_1_reg[1]/data_in
pea/out_row2_1_reg[2]/data_in
pea/out_row2_1_reg[3]/data_in
pea/out_row2_1_reg[4]/data_in
pea/out_row2_1_reg[5]/data_in
pea/out_row2_1_reg[6]/data_in
pea/out_row2_1_reg[7]/data_in
pea/out_row2_1_reg[8]/data_in
pea/out_row2_1_reg[9]/data_in
pea/out_row2_1_reg[10]/data_in
pea/out_row2_1_reg[11]/data_in
pea/out_row2_1_reg[12]/data_in
pea/out_row2_1_reg[13]/data_in
pea/out_row2_1_reg[14]/data_in
pea/out_row2_1_reg[15]/data_in
pea/out_row2_1_reg[16]/data_in
pea/out_row2_1_reg[17]/data_in
pea/out_row2_1_reg[18]/data_in
pea/out_row2_1_reg[19]/data_in
pea/out_row2_1_reg[20]/data_in
pea/out_row2_1_reg[21]/data_in
pea/out_row2_1_reg[22]/data_in
pea/out_row2_1_reg[23]/data_in
pea/out_row2_1_reg[24]/data_in
pea/out_row2_1_reg[25]/data_in
pea/out_row2_1_reg[26]/data_in
pea/out_row2_1_reg[27]/data_in
pea/out_row2_1_reg[28]/data_in
pea/out_row2_1_reg[29]/data_in
pea/out_row2_1_reg[30]/data_in
pea/out_row2_1_reg[31]/data_in
pea/out_row2_2_reg[0]/data_in
pea/out_row2_2_reg[1]/data_in
pea/out_row2_2_reg[2]/data_in
pea/out_row2_2_reg[3]/data_in
pea/out_row2_2_reg[4]/data_in
pea/out_row2_2_reg[5]/data_in
pea/out_row2_2_reg[6]/data_in
pea/out_row2_2_reg[7]/data_in
pea/out_row2_2_reg[8]/data_in
pea/out_row2_2_reg[9]/data_in
pea/out_row2_2_reg[10]/data_in
pea/out_row2_2_reg[11]/data_in
pea/out_row2_2_reg[12]/data_in
pea/out_row2_2_reg[13]/data_in
pea/out_row2_2_reg[14]/data_in
pea/out_row2_2_reg[15]/data_in
pea/out_row2_2_reg[16]/data_in
pea/out_row2_2_reg[17]/data_in
pea/out_row2_2_reg[18]/data_in
pea/out_row2_2_reg[19]/data_in
pea/out_row2_2_reg[20]/data_in
pea/out_row2_2_reg[21]/data_in
pea/out_row2_2_reg[22]/data_in
pea/out_row2_2_reg[23]/data_in
pea/out_row2_2_reg[24]/data_in
pea/out_row2_2_reg[25]/data_in
pea/out_row2_2_reg[26]/data_in
pea/out_row2_2_reg[27]/data_in
pea/out_row2_2_reg[28]/data_in
pea/out_row2_2_reg[29]/data_in
pea/out_row2_2_reg[30]/data_in
pea/out_row2_2_reg[31]/data_in
pea/out_row2_3_reg[0]/data_in
pea/out_row2_3_reg[1]/data_in
pea/out_row2_3_reg[2]/data_in
pea/out_row2_3_reg[3]/data_in
pea/out_row2_3_reg[4]/data_in
pea/out_row2_3_reg[5]/data_in
pea/out_row2_3_reg[6]/data_in
pea/out_row2_3_reg[7]/data_in
pea/out_row2_3_reg[8]/data_in
pea/out_row2_3_reg[9]/data_in
pea/out_row2_3_reg[10]/data_in
pea/out_row2_3_reg[11]/data_in
pea/out_row2_3_reg[12]/data_in
pea/out_row2_3_reg[13]/data_in
pea/out_row2_3_reg[14]/data_in
pea/out_row2_3_reg[15]/data_in
pea/out_row2_3_reg[16]/data_in
pea/out_row2_3_reg[17]/data_in
pea/out_row2_3_reg[18]/data_in
pea/out_row2_3_reg[19]/data_in
pea/out_row2_3_reg[20]/data_in
pea/out_row2_3_reg[21]/data_in
pea/out_row2_3_reg[22]/data_in
pea/out_row2_3_reg[23]/data_in
pea/out_row2_3_reg[24]/data_in
pea/out_row2_3_reg[25]/data_in
pea/out_row2_3_reg[26]/data_in
pea/out_row2_3_reg[27]/data_in
pea/out_row2_3_reg[28]/data_in
pea/out_row2_3_reg[29]/data_in
pea/out_row2_3_reg[30]/data_in
pea/out_row2_3_reg[31]/data_in
pea/out_row3_0_reg[0]/data_in
pea/out_row3_0_reg[1]/data_in
pea/out_row3_0_reg[2]/data_in
pea/out_row3_0_reg[3]/data_in
pea/out_row3_0_reg[4]/data_in
pea/out_row3_0_reg[5]/data_in
pea/out_row3_0_reg[6]/data_in
pea/out_row3_0_reg[7]/data_in
pea/out_row3_0_reg[8]/data_in
pea/out_row3_0_reg[9]/data_in
pea/out_row3_0_reg[10]/data_in
pea/out_row3_0_reg[11]/data_in
pea/out_row3_0_reg[12]/data_in
pea/out_row3_0_reg[13]/data_in
pea/out_row3_0_reg[14]/data_in
pea/out_row3_0_reg[15]/data_in
pea/out_row3_0_reg[16]/data_in
pea/out_row3_0_reg[17]/data_in
pea/out_row3_0_reg[18]/data_in
pea/out_row3_0_reg[19]/data_in
pea/out_row3_0_reg[20]/data_in
pea/out_row3_0_reg[21]/data_in
pea/out_row3_0_reg[22]/data_in
pea/out_row3_0_reg[23]/data_in
pea/out_row3_0_reg[24]/data_in
pea/out_row3_0_reg[25]/data_in
pea/out_row3_0_reg[26]/data_in
pea/out_row3_0_reg[27]/data_in
pea/out_row3_0_reg[28]/data_in
pea/out_row3_0_reg[29]/data_in
pea/out_row3_0_reg[30]/data_in
pea/out_row3_0_reg[31]/data_in
pea/out_row3_1_reg[0]/data_in
pea/out_row3_1_reg[1]/data_in
pea/out_row3_1_reg[2]/data_in
pea/out_row3_1_reg[3]/data_in
pea/out_row3_1_reg[4]/data_in
pea/out_row3_1_reg[5]/data_in
pea/out_row3_1_reg[6]/data_in
pea/out_row3_1_reg[7]/data_in
pea/out_row3_1_reg[8]/data_in
pea/out_row3_1_reg[9]/data_in
pea/out_row3_1_reg[10]/data_in
pea/out_row3_1_reg[11]/data_in
pea/out_row3_1_reg[12]/data_in
pea/out_row3_1_reg[13]/data_in
pea/out_row3_1_reg[14]/data_in
pea/out_row3_1_reg[15]/data_in
pea/out_row3_1_reg[16]/data_in
pea/out_row3_1_reg[17]/data_in
pea/out_row3_1_reg[18]/data_in
pea/out_row3_1_reg[19]/data_in
pea/out_row3_1_reg[20]/data_in
pea/out_row3_1_reg[21]/data_in
pea/out_row3_1_reg[22]/data_in
pea/out_row3_1_reg[23]/data_in
pea/out_row3_1_reg[24]/data_in
pea/out_row3_1_reg[25]/data_in
pea/out_row3_1_reg[26]/data_in
pea/out_row3_1_reg[27]/data_in
pea/out_row3_1_reg[28]/data_in
pea/out_row3_1_reg[29]/data_in
pea/out_row3_1_reg[30]/data_in
pea/out_row3_1_reg[31]/data_in
pea/out_row3_2_reg[0]/data_in
pea/out_row3_2_reg[1]/data_in
pea/out_row3_2_reg[2]/data_in
pea/out_row3_2_reg[3]/data_in
pea/out_row3_2_reg[4]/data_in
pea/out_row3_2_reg[5]/data_in
pea/out_row3_2_reg[6]/data_in
pea/out_row3_2_reg[7]/data_in
pea/out_row3_2_reg[8]/data_in
pea/out_row3_2_reg[9]/data_in
pea/out_row3_2_reg[10]/data_in
pea/out_row3_2_reg[11]/data_in
pea/out_row3_2_reg[12]/data_in
pea/out_row3_2_reg[13]/data_in
pea/out_row3_2_reg[14]/data_in
pea/out_row3_2_reg[15]/data_in
pea/out_row3_2_reg[16]/data_in
pea/out_row3_2_reg[17]/data_in
pea/out_row3_2_reg[18]/data_in
pea/out_row3_2_reg[19]/data_in
pea/out_row3_2_reg[20]/data_in
pea/out_row3_2_reg[21]/data_in
pea/out_row3_2_reg[22]/data_in
pea/out_row3_2_reg[23]/data_in
pea/out_row3_2_reg[24]/data_in
pea/out_row3_2_reg[25]/data_in
pea/out_row3_2_reg[26]/data_in
pea/out_row3_2_reg[27]/data_in
pea/out_row3_2_reg[28]/data_in
pea/out_row3_2_reg[29]/data_in
pea/out_row3_2_reg[30]/data_in
pea/out_row3_2_reg[31]/data_in
pea/out_row3_3_reg[0]/data_in
pea/out_row3_3_reg[1]/data_in
pea/out_row3_3_reg[2]/data_in
pea/out_row3_3_reg[3]/data_in
pea/out_row3_3_reg[4]/data_in
pea/out_row3_3_reg[5]/data_in
pea/out_row3_3_reg[6]/data_in
pea/out_row3_3_reg[7]/data_in
pea/out_row3_3_reg[8]/data_in
pea/out_row3_3_reg[9]/data_in
pea/out_row3_3_reg[10]/data_in
pea/out_row3_3_reg[11]/data_in
pea/out_row3_3_reg[12]/data_in
pea/out_row3_3_reg[13]/data_in
pea/out_row3_3_reg[14]/data_in
pea/out_row3_3_reg[15]/data_in
pea/out_row3_3_reg[16]/data_in
pea/out_row3_3_reg[17]/data_in
pea/out_row3_3_reg[18]/data_in
pea/out_row3_3_reg[19]/data_in
pea/out_row3_3_reg[20]/data_in
pea/out_row3_3_reg[21]/data_in
pea/out_row3_3_reg[22]/data_in
pea/out_row3_3_reg[23]/data_in
pea/out_row3_3_reg[24]/data_in
pea/out_row3_3_reg[25]/data_in
pea/out_row3_3_reg[26]/data_in
pea/out_row3_3_reg[27]/data_in
pea/out_row3_3_reg[28]/data_in
pea/out_row3_3_reg[29]/data_in
pea/out_row3_3_reg[30]/data_in
pea/out_row3_3_reg[31]/data_in
sram_weight_addr0[0]
sram_weight_addr0[1]
sram_weight_addr0[2]
sram_weight_addr0[3]
sram_weight_addr0[4]
sram_weight_addr0[5]
sram_weight_addr0[6]
sram_weight_addr0[7]
sram_weight_addr0[8]
sram_weight_addr0[9]
sram_weight_addr0[10]
sram_weight_addr0[11]
sram_weight_addr0[12]
sram_weight_addr0[13]
sram_weight_addr0[14]
sram_weight_addr0[15]
sram_weight_addr0_reg[0]/data_in
sram_weight_addr0_reg[1]/data_in
sram_weight_addr0_reg[2]/data_in
sram_weight_addr0_reg[3]/data_in
sram_weight_addr0_reg[4]/data_in
sram_weight_addr0_reg[5]/data_in
sram_weight_addr0_reg[6]/data_in
sram_weight_addr0_reg[7]/data_in
sram_weight_addr0_reg[8]/data_in
sram_weight_addr0_reg[9]/data_in
sram_weight_addr0_reg[10]/data_in
sram_weight_addr0_reg[11]/data_in
sram_weight_addr0_reg[12]/data_in
sram_weight_addr0_reg[13]/data_in
sram_weight_addr0_reg[14]/data_in
sram_weight_addr0_reg[15]/data_in
sram_weight_addr1[0]
sram_weight_addr1[1]
sram_weight_addr1[2]
sram_weight_addr1[3]
sram_weight_addr1[4]
sram_weight_addr1[5]
sram_weight_addr1[6]
sram_weight_addr1[7]
sram_weight_addr1[8]
sram_weight_addr1[9]
sram_weight_addr1[10]
sram_weight_addr1[11]
sram_weight_addr1[12]
sram_weight_addr1[13]
sram_weight_addr1[14]
sram_weight_addr1[15]
sram_weight_addr1_reg[0]/data_in
sram_weight_addr1_reg[1]/data_in
sram_weight_addr1_reg[2]/data_in
sram_weight_addr1_reg[3]/data_in
sram_weight_addr1_reg[4]/data_in
sram_weight_addr1_reg[5]/data_in
sram_weight_addr1_reg[6]/data_in
sram_weight_addr1_reg[7]/data_in
sram_weight_addr1_reg[8]/data_in
sram_weight_addr1_reg[9]/data_in
sram_weight_addr1_reg[10]/data_in
sram_weight_addr1_reg[11]/data_in
sram_weight_addr1_reg[12]/data_in
sram_weight_addr1_reg[13]/data_in
sram_weight_addr1_reg[14]/data_in
sram_weight_addr1_reg[15]/data_in

Information: Checking pulse_clock_cell_type...

Information: Checking no_driving_cell...

Information: Checking partial_input_delay...
1
