Information: Propagating switching activity (low effort zero delay simulation). (PWR-6)
Warning: Design has unannotated primary inputs. (PWR-414)
Warning: Design has unannotated sequential cell outputs. (PWR-415)
 
****************************************
Report : power
        -hier
        -analysis_effort low
Design : DnCNN
Version: R-2020.09
Date   : Thu Jun 23 15:39:50 2022
****************************************


Library(s) Used:

    slow_vdd1v2 (File: /theda21_2/library/GPDK045/cur/gsclib045/db/slow_vdd1v2_basicCells.db)


Operating Conditions: PVT_1P08V_125C   Library: slow_vdd1v2
Wire Load Model Mode: top


Global Operating Voltage = 1.08 
Power-specific unit information :
    Voltage Units = 1V
    Capacitance Units = 1.000000pf
    Time Units = 1ns
    Dynamic Power Units = 1mW    (derived from V,C,T units)
    Leakage Power Units = 1pW


--------------------------------------------------------------------------------
                                       Switch   Int      Leak     Total
Hierarchy                              Power    Power    Power    Power    %
--------------------------------------------------------------------------------
DnCNN                                     0.365    3.576 3.56e+06    3.944 100.0
  mult_349_S4_I4 (DnCNN_DW_mult_uns_51)
                                       7.73e-03 2.10e-02 9.99e+04 2.89e-02   0.7
  mult_349_S4_I3 (DnCNN_DW_mult_uns_50)
                                       7.73e-03 2.10e-02 1.00e+05 2.88e-02   0.7
  mult_349_S4_I2 (DnCNN_DW_mult_uns_49)
                                       7.68e-03 2.11e-02 1.00e+05 2.89e-02   0.7
  mult_349_S4 (DnCNN_DW_mult_uns_48)   7.63e-03 2.10e-02 1.01e+05 2.87e-02   0.7
  mult_348_S4_I4 (DnCNN_DW_mult_uns_47)
                                       7.57e-03 2.10e-02 9.96e+04 2.87e-02   0.7
  mult_348_S4_I3 (DnCNN_DW_mult_uns_46)
                                       7.71e-03 2.11e-02 1.00e+05 2.89e-02   0.7
  mult_348_S4_I2 (DnCNN_DW_mult_uns_45)
                                       7.58e-03 2.11e-02 1.01e+05 2.88e-02   0.7
  mult_348_S4 (DnCNN_DW_mult_uns_44)   7.91e-03 2.13e-02 1.02e+05 2.93e-02   0.7
  mult_347_S4_I4 (DnCNN_DW_mult_uns_43)
                                       7.54e-03 2.10e-02 9.94e+04 2.86e-02   0.7
  mult_347_S4_I3 (DnCNN_DW_mult_uns_42)
                                       7.81e-03 2.11e-02 1.01e+05 2.90e-02   0.7
  mult_347_S4_I2 (DnCNN_DW_mult_uns_41)
                                       7.63e-03 2.11e-02 1.01e+05 2.89e-02   0.7
  mult_347_S4 (DnCNN_DW_mult_uns_40)   7.66e-03 2.09e-02 9.92e+04 2.86e-02   0.7
  mult_346_S4_I4 (DnCNN_DW_mult_uns_39)
                                       7.78e-03 2.10e-02 1.00e+05 2.89e-02   0.7
  mult_346_S4_I3 (DnCNN_DW_mult_uns_38)
                                       7.81e-03 2.09e-02 9.96e+04 2.88e-02   0.7
  mult_346_S4_I2 (DnCNN_DW_mult_uns_37)
                                       7.52e-03 2.05e-02 9.90e+04 2.81e-02   0.7
  mult_346_S4 (DnCNN_DW_mult_uns_36)   7.42e-03 2.05e-02 9.99e+04 2.80e-02   0.7
  add_338_S4 (DnCNN_DW01_add_50)       2.11e-04 6.88e-04 7.32e+03 9.07e-04   0.0
  add_338_S4_I2 (DnCNN_DW01_add_49)    2.20e-04 7.15e-04 7.32e+03 9.43e-04   0.0
  add_338_S4_I3 (DnCNN_DW01_add_48)    2.18e-04 7.00e-04 7.32e+03 9.25e-04   0.0
  add_338_S4_I4 (DnCNN_DW01_add_47)    2.18e-04 6.85e-04 7.32e+03 9.10e-04   0.0
  add_339_S4 (DnCNN_DW01_add_46)       2.15e-04 6.94e-04 7.32e+03 9.16e-04   0.0
  add_339_S4_I2 (DnCNN_DW01_add_45)    2.22e-04 7.17e-04 7.32e+03 9.46e-04   0.0
  add_339_S4_I3 (DnCNN_DW01_add_44)    2.22e-04 7.09e-04 7.32e+03 9.38e-04   0.0
  add_339_S4_I4 (DnCNN_DW01_add_43)    2.19e-04 6.85e-04 7.32e+03 9.11e-04   0.0
  add_340_S4 (DnCNN_DW01_add_42)       2.11e-04 6.84e-04 7.33e+03 9.03e-04   0.0
  add_340_S4_I2 (DnCNN_DW01_add_41)    2.21e-04 7.17e-04 7.33e+03 9.45e-04   0.0
  add_340_S4_I3 (DnCNN_DW01_add_40)    2.23e-04 7.12e-04 7.32e+03 9.43e-04   0.0
  add_340_S4_I4 (DnCNN_DW01_add_39)    2.19e-04 6.85e-04 7.32e+03 9.12e-04   0.0
  add_341_S4 (DnCNN_DW01_add_38)       2.13e-04 6.86e-04 7.32e+03 9.06e-04   0.0
  add_341_S4_I2 (DnCNN_DW01_add_37)    2.21e-04 7.18e-04 7.32e+03 9.46e-04   0.0
  add_341_S4_I3 (DnCNN_DW01_add_36)    2.21e-04 7.06e-04 7.32e+03 9.34e-04   0.0
  add_341_S4_I4 (DnCNN_DW01_add_35)    2.17e-04 6.78e-04 7.32e+03 9.03e-04   0.0
  add_0_root_add_0_root_add_160_2 (DnCNN_DW01_add_18_DW01_add_42)
                                       2.60e-05 2.25e-04 1.18e+03 2.53e-04   0.0
  add_168 (DnCNN_DW01_inc_0_DW01_inc_5)
                                       9.21e-05 9.36e-04 2.08e+03 1.03e-03   0.0
  pea (PEA)                               0.159    1.033 8.81e+05    1.193  30.2
    add_0_root_r544 (PEA_DW01_add_0_DW01_add_44)
                                       3.50e-04 1.05e-03 5.69e+03 1.41e-03   0.0
    add_1_root_r544 (PEA_DW01_add_1_DW01_add_45)
                                       3.50e-04 1.06e-03 5.69e+03 1.41e-03   0.0
    add_0_root_r542 (PEA_DW01_add_2_DW01_add_46)
                                       3.52e-04 1.06e-03 5.69e+03 1.42e-03   0.0
    add_1_root_r542 (PEA_DW01_add_3_DW01_add_47)
                                       3.49e-04 1.06e-03 5.69e+03 1.41e-03   0.0
    add_0_root_r540 (PEA_DW01_add_4_DW01_add_48)
                                       3.52e-04 1.06e-03 5.69e+03 1.42e-03   0.0
    add_1_root_r540 (PEA_DW01_add_5_DW01_add_49)
                                       3.48e-04 1.05e-03 5.69e+03 1.41e-03   0.0
    add_0_root_r538 (PEA_DW01_add_6_DW01_add_50)
                                       2.13e-04 5.48e-04 5.70e+03 7.66e-04   0.0
    add_1_root_r538 (PEA_DW01_add_7_DW01_add_51)
                                       3.49e-04 1.06e-03 5.69e+03 1.41e-03   0.0
    pe23 (PE_0)                        1.07e-02 8.06e-02 5.92e+04 9.14e-02   2.3
      mult_507 (PE_0_DW_mult_tc_2_DW_mult_tc_13)
                                       2.88e-03 6.62e-03 1.22e+04 9.52e-03   0.2
      mult_508 (PE_0_DW_mult_tc_1_DW_mult_tc_12)
                                       3.41e-03 7.82e-03 1.22e+04 1.12e-02   0.3
      mult_509 (PE_0_DW_mult_tc_0)     3.43e-03 7.83e-03 1.22e+04 1.13e-02   0.3
      add_0_root_add_512_2 (PE_0_DW01_add_0_DW01_add_18)
                                       1.18e-04 5.44e-04 3.16e+03 6.65e-04   0.0
      add_1_root_add_512_2 (PE_0_DW01_add_1_DW01_add_19)
                                       1.59e-04 4.59e-04 2.99e+03 6.21e-04   0.0
    pe22 (PE_1)                        1.09e-02 8.07e-02 5.95e+04 9.16e-02   2.3
      mult_507 (PE_1_DW_mult_tc_2_DW_mult_tc_17)
                                       2.87e-03 6.61e-03 1.22e+04 9.49e-03   0.2
      mult_508 (PE_1_DW_mult_tc_1_DW_mult_tc_15)
                                       3.42e-03 7.82e-03 1.22e+04 1.12e-02   0.3
      mult_509 (PE_1_DW_mult_tc_0_DW_mult_tc_2)
                                       3.42e-03 7.83e-03 1.22e+04 1.13e-02   0.3
      add_0_root_add_512_2 (PE_1_DW01_add_0_DW01_add_20)
                                       1.18e-04 5.43e-04 3.15e+03 6.64e-04   0.0
      add_1_root_add_512_2 (PE_1_DW01_add_1_DW01_add_21)
                                       1.62e-04 4.66e-04 2.99e+03 6.31e-04   0.0
    pe13 (PE_2)                        1.09e-02 8.07e-02 5.95e+04 9.17e-02   2.3
      mult_507 (PE_2_DW_mult_tc_2_DW_mult_tc_16)
                                       2.88e-03 6.63e-03 1.22e+04 9.52e-03   0.2
      mult_508 (PE_2_DW_mult_tc_1_DW_mult_tc_14)
                                       3.44e-03 7.87e-03 1.22e+04 1.13e-02   0.3
      mult_509 (PE_2_DW_mult_tc_0_DW_mult_tc_1)
                                       3.43e-03 7.84e-03 1.22e+04 1.13e-02   0.3
      add_0_root_add_512_2 (PE_2_DW01_add_0_DW01_add_22)
                                       1.17e-04 5.42e-04 3.16e+03 6.63e-04   0.0
      add_1_root_add_512_2 (PE_2_DW01_add_1_DW01_add_23)
                                       1.61e-04 4.64e-04 2.99e+03 6.28e-04   0.0
    pe21 (PE_3)                        1.09e-02 8.09e-02 5.95e+04 9.18e-02   2.3
      mult_507 (PE_3_DW_mult_tc_2_DW_mult_tc_23)
                                       2.88e-03 6.65e-03 1.22e+04 9.54e-03   0.2
      mult_508 (PE_3_DW_mult_tc_1_DW_mult_tc_20)
                                       3.43e-03 7.87e-03 1.22e+04 1.13e-02   0.3
      mult_509 (PE_3_DW_mult_tc_0_DW_mult_tc_5)
                                       3.45e-03 7.93e-03 1.22e+04 1.14e-02   0.3
      add_0_root_add_512_2 (PE_3_DW01_add_0_DW01_add_24)
                                       1.19e-04 5.46e-04 3.16e+03 6.68e-04   0.0
      add_1_root_add_512_2 (PE_3_DW01_add_1_DW01_add_25)
                                       1.61e-04 4.65e-04 2.99e+03 6.29e-04   0.0
    pe12 (PE_4)                        1.09e-02 8.09e-02 5.95e+04 9.19e-02   2.3
      mult_507 (PE_4_DW_mult_tc_2_DW_mult_tc_22)
                                       2.88e-03 6.67e-03 1.22e+04 9.56e-03   0.2
      mult_508 (PE_4_DW_mult_tc_1_DW_mult_tc_19)
                                       3.45e-03 7.92e-03 1.22e+04 1.14e-02   0.3
      mult_509 (PE_4_DW_mult_tc_0_DW_mult_tc_4)
                                       3.45e-03 7.93e-03 1.22e+04 1.14e-02   0.3
      add_0_root_add_512_2 (PE_4_DW01_add_0_DW01_add_26)
                                       1.19e-04 5.46e-04 3.16e+03 6.68e-04   0.0
      add_1_root_add_512_2 (PE_4_DW01_add_1_DW01_add_27)
                                       1.60e-04 4.62e-04 2.99e+03 6.25e-04   0.0
    pe03 (PE_5)                        1.09e-02 8.10e-02 5.95e+04 9.20e-02   2.3
      mult_507 (PE_5_DW_mult_tc_2_DW_mult_tc_21)
                                       2.89e-03 6.68e-03 1.22e+04 9.58e-03   0.2
      mult_508 (PE_5_DW_mult_tc_1_DW_mult_tc_18)
                                       3.44e-03 7.91e-03 1.22e+04 1.14e-02   0.3
      mult_509 (PE_5_DW_mult_tc_0_DW_mult_tc_3)
                                       3.46e-03 7.97e-03 1.22e+04 1.14e-02   0.3
      add_0_root_add_512_2 (PE_5_DW01_add_0_DW01_add_28)
                                       1.18e-04 5.46e-04 3.16e+03 6.67e-04   0.0
      add_1_root_add_512_2 (PE_5_DW01_add_1_DW01_add_29)
                                       1.61e-04 4.63e-04 2.99e+03 6.26e-04   0.0
    pe20 (PE_6)                        1.10e-02 8.10e-02 5.95e+04 9.20e-02   2.3
      mult_507 (PE_6_DW_mult_tc_2_DW_mult_tc_29)
                                       2.90e-03 6.69e-03 1.22e+04 9.59e-03   0.2
      mult_508 (PE_6_DW_mult_tc_1_DW_mult_tc_26)
                                       3.45e-03 7.94e-03 1.22e+04 1.14e-02   0.3
      mult_509 (PE_6_DW_mult_tc_0_DW_mult_tc_8)
                                       3.46e-03 7.99e-03 1.22e+04 1.15e-02   0.3
      add_0_root_add_512_2 (PE_6_DW01_add_0_DW01_add_30)
                                       1.17e-04 5.43e-04 3.15e+03 6.64e-04   0.0
      add_1_root_add_512_2 (PE_6_DW01_add_1_DW01_add_31)
                                       1.59e-04 4.59e-04 2.99e+03 6.21e-04   0.0
    pe11 (PE_7)                        1.10e-02 8.11e-02 5.95e+04 9.22e-02   2.3
      mult_507 (PE_7_DW_mult_tc_2_DW_mult_tc_28)
                                       2.90e-03 6.71e-03 1.22e+04 9.63e-03   0.2
      mult_508 (PE_7_DW_mult_tc_1_DW_mult_tc_25)
                                       3.47e-03 7.97e-03 1.22e+04 1.14e-02   0.3
      mult_509 (PE_7_DW_mult_tc_0_DW_mult_tc_7)
                                       3.47e-03 8.00e-03 1.22e+04 1.15e-02   0.3
      add_0_root_add_512_2 (PE_7_DW01_add_0_DW01_add_32)
                                       1.18e-04 5.45e-04 3.16e+03 6.67e-04   0.0
      add_1_root_add_512_2 (PE_7_DW01_add_1_DW01_add_33)
                                       1.60e-04 4.60e-04 2.99e+03 6.23e-04   0.0
    pe02 (PE_8)                        1.10e-02 8.12e-02 5.95e+04 9.22e-02   2.3
      mult_507 (PE_8_DW_mult_tc_2_DW_mult_tc_27)
                                       2.91e-03 6.73e-03 1.22e+04 9.65e-03   0.2
      mult_508 (PE_8_DW_mult_tc_1_DW_mult_tc_24)
                                       3.47e-03 7.98e-03 1.22e+04 1.15e-02   0.3
      mult_509 (PE_8_DW_mult_tc_0_DW_mult_tc_6)
                                       3.47e-03 8.01e-03 1.22e+04 1.15e-02   0.3
      add_0_root_add_512_2 (PE_8_DW01_add_0_DW01_add_34)
                                       1.18e-04 5.48e-04 3.16e+03 6.69e-04   0.0
      add_1_root_add_512_2 (PE_8_DW01_add_1_DW01_add_35)
                                       1.60e-04 4.63e-04 2.99e+03 6.26e-04   0.0
    pe10 (PE_9)                        1.10e-02 8.11e-02 5.95e+04 9.21e-02   2.3
      mult_507 (PE_9_DW_mult_tc_2_DW_mult_tc_33)
                                       2.92e-03 6.70e-03 1.22e+04 9.63e-03   0.2
      mult_508 (PE_9_DW_mult_tc_1_DW_mult_tc_31)
                                       3.49e-03 7.98e-03 1.22e+04 1.15e-02   0.3
      mult_509 (PE_9_DW_mult_tc_0_DW_mult_tc_10)
                                       3.48e-03 7.97e-03 1.22e+04 1.15e-02   0.3
      add_0_root_add_512_2 (PE_9_DW01_add_0_DW01_add_36)
                                       1.17e-04 5.42e-04 3.16e+03 6.62e-04   0.0
      add_1_root_add_512_2 (PE_9_DW01_add_1_DW01_add_37)
                                       1.60e-04 4.60e-04 2.99e+03 6.23e-04   0.0
    pe01 (PE_10)                       1.11e-02 8.12e-02 5.95e+04 9.23e-02   2.3
      mult_507 (PE_10_DW_mult_tc_2_DW_mult_tc_32)
                                       2.93e-03 6.73e-03 1.22e+04 9.67e-03   0.2
      mult_508 (PE_10_DW_mult_tc_1_DW_mult_tc_30)
                                       3.50e-03 8.00e-03 1.22e+04 1.15e-02   0.3
      mult_509 (PE_10_DW_mult_tc_0_DW_mult_tc_9)
                                       3.49e-03 8.01e-03 1.22e+04 1.15e-02   0.3
      add_0_root_add_512_2 (PE_10_DW01_add_0_DW01_add_38)
                                       1.17e-04 5.42e-04 3.16e+03 6.63e-04   0.0
      add_1_root_add_512_2 (PE_10_DW01_add_1_DW01_add_39)
                                       1.60e-04 4.60e-04 2.99e+03 6.23e-04   0.0
    pe00 (PE_11)                       5.18e-04 5.50e-02 5.95e+04 5.56e-02   1.4
      mult_507 (PE_11_DW_mult_tc_2_DW_mult_tc_35)
                                       1.01e-04 2.91e-04 1.22e+04 4.05e-04   0.0
      mult_508 (PE_11_DW_mult_tc_1_DW_mult_tc_34)
                                       1.00e-04 2.88e-04 1.22e+04 4.00e-04   0.0
      mult_509 (PE_11_DW_mult_tc_0_DW_mult_tc_11)
                                       1.01e-04 2.93e-04 1.22e+04 4.06e-04   0.0
      add_0_root_add_512_2 (PE_11_DW01_add_0_DW01_add_40)
                                       4.79e-07 2.24e-06 3.21e+03 5.92e-06   0.0
      add_1_root_add_512_2 (PE_11_DW01_add_1_DW01_add_41)
                                       7.53e-07 2.07e-06 3.03e+03 5.85e-06   0.0
1
